<?xml version="1.0" encoding="UTF-8"?>
<testng-results ignored="0" total="13" passed="13" failed="0" skipped="0">
  <reporter-output>
  </reporter-output>
  <suite started-at="2023-12-06T20:17:03 CST" name="Automation Test" finished-at="2023-12-06T20:17:28 CST" duration-ms="25412">
    <groups>
    </groups>
    <test started-at="2023-12-06T20:17:03 CST" name="Ecommerce Home" finished-at="2023-12-06T20:17:28 CST" duration-ms="25412">
      <class name="com.izaan.apitests.UserListRequestTest">
        <test-method signature="userListrequestTest()[pri:0, instance:com.izaan.apitests.UserListRequestTest@281e3708]" started-at="2023-12-06T20:17:12 CST" name="userListrequestTest" finished-at="2023-12-06T20:17:14 CST" duration-ms="1920" status="PASS">
          <reporter-output>
          </reporter-output>
        </test-method> <!-- userListrequestTest -->
        <test-method is-config="true" signature="beforeTests()[pri:0, instance:com.izaan.apitests.UserListRequestTest@281e3708]" started-at="2023-12-06T20:17:12 CST" name="beforeTests" finished-at="2023-12-06T20:17:12 CST" duration-ms="0" status="PASS">
          <reporter-output>
          </reporter-output>
        </test-method> <!-- beforeTests -->
        <test-method is-config="true" signature="aftreMethod()[pri:0, instance:com.izaan.apitests.UserListRequestTest@281e3708]" started-at="2023-12-06T20:17:14 CST" name="aftreMethod" finished-at="2023-12-06T20:17:14 CST" duration-ms="14" status="PASS">
          <reporter-output>
          </reporter-output>
        </test-method> <!-- aftreMethod -->
        <test-method is-config="true" signature="beforeTests()[pri:0, instance:com.izaan.apitests.UserListRequestTest@281e3708]" started-at="2023-12-06T20:17:14 CST" name="beforeTests" finished-at="2023-12-06T20:17:14 CST" duration-ms="0" status="PASS">
          <reporter-output>
          </reporter-output>
        </test-method> <!-- beforeTests -->
        <test-method signature="validateUserListWithInvalidURL()[pri:0, instance:com.izaan.apitests.UserListRequestTest@281e3708]" started-at="2023-12-06T20:17:14 CST" name="validateUserListWithInvalidURL" finished-at="2023-12-06T20:17:15 CST" duration-ms="1069" status="PASS">
          <reporter-output>
          </reporter-output>
        </test-method> <!-- validateUserListWithInvalidURL -->
        <test-method is-config="true" signature="aftreMethod()[pri:0, instance:com.izaan.apitests.UserListRequestTest@281e3708]" started-at="2023-12-06T20:17:15 CST" name="aftreMethod" finished-at="2023-12-06T20:17:15 CST" duration-ms="13" status="PASS">
          <reporter-output>
          </reporter-output>
        </test-method> <!-- aftreMethod -->
      </class> <!-- com.izaan.apitests.UserListRequestTest -->
      <class name="com.izaan.apitests.UserLoginTest">
        <test-method is-config="true" signature="beforeTests()[pri:0, instance:com.izaan.apitests.UserLoginTest@35a50a4c]" started-at="2023-12-06T20:17:15 CST" name="beforeTests" finished-at="2023-12-06T20:17:15 CST" duration-ms="0" status="PASS">
          <reporter-output>
          </reporter-output>
        </test-method> <!-- beforeTests -->
        <test-method signature="invaliduserLoginAPI()[pri:0, instance:com.izaan.apitests.UserLoginTest@35a50a4c]" started-at="2023-12-06T20:17:15 CST" name="invaliduserLoginAPI" finished-at="2023-12-06T20:17:17 CST" duration-ms="2084" status="PASS">
          <reporter-output>
          </reporter-output>
        </test-method> <!-- invaliduserLoginAPI -->
        <test-method is-config="true" signature="afterMethod()[pri:0, instance:com.izaan.apitests.UserLoginTest@35a50a4c]" started-at="2023-12-06T20:17:17 CST" name="afterMethod" finished-at="2023-12-06T20:17:17 CST" duration-ms="10" status="PASS">
          <reporter-output>
          </reporter-output>
        </test-method> <!-- afterMethod -->
        <test-method is-config="true" signature="beforeTests()[pri:0, instance:com.izaan.apitests.UserLoginTest@35a50a4c]" started-at="2023-12-06T20:17:17 CST" name="beforeTests" finished-at="2023-12-06T20:17:17 CST" duration-ms="1" status="PASS">
          <reporter-output>
          </reporter-output>
        </test-method> <!-- beforeTests -->
        <test-method signature="userLoginErrorPassword()[pri:0, instance:com.izaan.apitests.UserLoginTest@35a50a4c]" started-at="2023-12-06T20:17:17 CST" name="userLoginErrorPassword" finished-at="2023-12-06T20:17:19 CST" duration-ms="1498" status="PASS">
          <reporter-output>
          </reporter-output>
        </test-method> <!-- userLoginErrorPassword -->
        <test-method is-config="true" signature="afterMethod()[pri:0, instance:com.izaan.apitests.UserLoginTest@35a50a4c]" started-at="2023-12-06T20:17:19 CST" name="afterMethod" finished-at="2023-12-06T20:17:19 CST" duration-ms="10" status="PASS">
          <reporter-output>
          </reporter-output>
        </test-method> <!-- afterMethod -->
        <test-method is-config="true" signature="beforeTests()[pri:0, instance:com.izaan.apitests.UserLoginTest@35a50a4c]" started-at="2023-12-06T20:17:19 CST" name="beforeTests" finished-at="2023-12-06T20:17:19 CST" duration-ms="1" status="PASS">
          <reporter-output>
          </reporter-output>
        </test-method> <!-- beforeTests -->
        <test-method signature="validateUserLogin()[pri:0, instance:com.izaan.apitests.UserLoginTest@35a50a4c]" started-at="2023-12-06T20:17:19 CST" name="validateUserLogin" finished-at="2023-12-06T20:17:20 CST" duration-ms="1681" status="PASS">
          <reporter-output>
          </reporter-output>
        </test-method> <!-- validateUserLogin -->
        <test-method is-config="true" signature="afterMethod()[pri:0, instance:com.izaan.apitests.UserLoginTest@35a50a4c]" started-at="2023-12-06T20:17:20 CST" name="afterMethod" finished-at="2023-12-06T20:17:20 CST" duration-ms="14" status="PASS">
          <reporter-output>
          </reporter-output>
        </test-method> <!-- afterMethod -->
      </class> <!-- com.izaan.apitests.UserLoginTest -->
      <class name="com.izaan.apitests.SubmitTollRequestTest">
        <test-method signature="submitTollTest()[pri:0, instance:com.izaan.apitests.SubmitTollRequestTest@68ceda24]" started-at="2023-12-06T20:17:09 CST" name="submitTollTest" finished-at="2023-12-06T20:17:12 CST" duration-ms="3230" status="PASS">
          <reporter-output>
          </reporter-output>
        </test-method> <!-- submitTollTest -->
        <test-method is-config="true" signature="beforeTests()[pri:0, instance:com.izaan.apitests.SubmitTollRequestTest@68ceda24]" started-at="2023-12-06T20:17:09 CST" name="beforeTests" finished-at="2023-12-06T20:17:09 CST" duration-ms="0" status="PASS">
          <reporter-output>
          </reporter-output>
        </test-method> <!-- beforeTests -->
        <test-method is-config="true" signature="afterMethod()[pri:0, instance:com.izaan.apitests.SubmitTollRequestTest@68ceda24]" started-at="2023-12-06T20:17:12 CST" name="afterMethod" finished-at="2023-12-06T20:17:12 CST" duration-ms="10" status="PASS">
          <reporter-output>
          </reporter-output>
        </test-method> <!-- afterMethod -->
      </class> <!-- com.izaan.apitests.SubmitTollRequestTest -->
      <class name="com.izaan.apitests.ResetPasswordTest">
        <test-method is-config="true" signature="beforeTests()[pri:0, instance:com.izaan.apitests.ResetPasswordTest@1f021e6c]" started-at="2023-12-06T20:17:20 CST" name="beforeTests" finished-at="2023-12-06T20:17:20 CST" duration-ms="1" status="PASS">
          <reporter-output>
          </reporter-output>
        </test-method> <!-- beforeTests -->
        <test-method signature="resetWithInvalidCredentialTest()[pri:0, instance:com.izaan.apitests.ResetPasswordTest@1f021e6c]" started-at="2023-12-06T20:17:20 CST" name="resetWithInvalidCredentialTest" finished-at="2023-12-06T20:17:22 CST" duration-ms="2132" status="PASS">
          <reporter-output>
          </reporter-output>
        </test-method> <!-- resetWithInvalidCredentialTest -->
        <test-method is-config="true" signature="beforeTests()[pri:0, instance:com.izaan.apitests.ResetPasswordTest@1f021e6c]" started-at="2023-12-06T20:17:22 CST" name="beforeTests" finished-at="2023-12-06T20:17:22 CST" duration-ms="0" status="PASS">
          <reporter-output>
          </reporter-output>
        </test-method> <!-- beforeTests -->
        <test-method signature="successRestTest()[pri:0, instance:com.izaan.apitests.ResetPasswordTest@1f021e6c]" started-at="2023-12-06T20:17:22 CST" name="successRestTest" finished-at="2023-12-06T20:17:23 CST" duration-ms="1070" status="PASS">
          <reporter-output>
          </reporter-output>
        </test-method> <!-- successRestTest -->
        <test-method is-config="true" signature="beforeTests()[pri:0, instance:com.izaan.apitests.ResetPasswordTest@1f021e6c]" started-at="2023-12-06T20:17:23 CST" name="beforeTests" finished-at="2023-12-06T20:17:23 CST" duration-ms="0" status="PASS">
          <reporter-output>
          </reporter-output>
        </test-method> <!-- beforeTests -->
        <test-method signature="unsuccessfulReset()[pri:0, instance:com.izaan.apitests.ResetPasswordTest@1f021e6c]" started-at="2023-12-06T20:17:23 CST" name="unsuccessfulReset" finished-at="2023-12-06T20:17:24 CST" duration-ms="407" status="PASS">
          <reporter-output>
          </reporter-output>
        </test-method> <!-- unsuccessfulReset -->
        <test-method is-config="true" signature="aftertests()[pri:0, instance:com.izaan.apitests.ResetPasswordTest@1f021e6c]" started-at="2023-12-06T20:17:24 CST" name="aftertests" finished-at="2023-12-06T20:17:24 CST" duration-ms="10" status="PASS">
          <reporter-output>
          </reporter-output>
        </test-method> <!-- aftertests -->
      </class> <!-- com.izaan.apitests.ResetPasswordTest -->
      <class name="com.izaan.apitests.CreateUserRequestTests">
        <test-method is-config="true" signature="beforeTests()[pri:0, instance:com.izaan.apitests.CreateUserRequestTests@3b94d659]" started-at="2023-12-06T20:17:24 CST" name="beforeTests" finished-at="2023-12-06T20:17:24 CST" duration-ms="0" status="PASS">
          <reporter-output>
          </reporter-output>
        </test-method> <!-- beforeTests -->
        <test-method signature="validateUserCreation()[pri:1, instance:com.izaan.apitests.CreateUserRequestTests@3b94d659]" started-at="2023-12-06T20:17:24 CST" name="validateUserCreation" finished-at="2023-12-06T20:17:27 CST" duration-ms="3023" status="PASS">
          <reporter-output>
          </reporter-output>
        </test-method> <!-- validateUserCreation -->
        <test-method is-config="true" signature="afterTests()[pri:0, instance:com.izaan.apitests.CreateUserRequestTests@3b94d659]" started-at="2023-12-06T20:17:27 CST" name="afterTests" finished-at="2023-12-06T20:17:27 CST" duration-ms="15" status="PASS">
          <reporter-output>
          </reporter-output>
        </test-method> <!-- afterTests -->
        <test-method is-config="true" signature="beforeTests()[pri:0, instance:com.izaan.apitests.CreateUserRequestTests@3b94d659]" started-at="2023-12-06T20:17:27 CST" name="beforeTests" finished-at="2023-12-06T20:17:27 CST" duration-ms="1" status="PASS">
          <reporter-output>
          </reporter-output>
        </test-method> <!-- beforeTests -->
        <test-method signature="validateUserCreationWithExistingUsername()[pri:2, instance:com.izaan.apitests.CreateUserRequestTests@3b94d659]" started-at="2023-12-06T20:17:27 CST" name="validateUserCreationWithExistingUsername" finished-at="2023-12-06T20:17:28 CST" duration-ms="1107" status="PASS">
          <reporter-output>
          </reporter-output>
        </test-method> <!-- validateUserCreationWithExistingUsername -->
        <test-method is-config="true" signature="afterTests()[pri:0, instance:com.izaan.apitests.CreateUserRequestTests@3b94d659]" started-at="2023-12-06T20:17:28 CST" name="afterTests" finished-at="2023-12-06T20:17:28 CST" duration-ms="10" status="PASS">
          <reporter-output>
          </reporter-output>
        </test-method> <!-- afterTests -->
      </class> <!-- com.izaan.apitests.CreateUserRequestTests -->
      <class name="com.izaan.apitests.GetListTollsCollectionPointTest">
        <test-method is-config="true" signature="beforeTest()[pri:0, instance:com.izaan.apitests.GetListTollsCollectionPointTest@24b1d79b]" started-at="2023-12-06T20:17:03 CST" name="beforeTest" finished-at="2023-12-06T20:17:03 CST" duration-ms="131" status="PASS">
          <reporter-output>
          </reporter-output>
        </test-method> <!-- beforeTest -->
        <test-method signature="getListTollsCollectionPointNegativeTest()[pri:0, instance:com.izaan.apitests.GetListTollsCollectionPointTest@24b1d79b]" started-at="2023-12-06T20:17:03 CST" name="getListTollsCollectionPointNegativeTest" finished-at="2023-12-06T20:17:07 CST" duration-ms="4417" status="PASS">
          <reporter-output>
          </reporter-output>
        </test-method> <!-- getListTollsCollectionPointNegativeTest -->
        <test-method is-config="true" signature="afterMethod()[pri:0, instance:com.izaan.apitests.GetListTollsCollectionPointTest@24b1d79b]" started-at="2023-12-06T20:17:07 CST" name="afterMethod" finished-at="2023-12-06T20:17:07 CST" duration-ms="170" status="PASS">
          <reporter-output>
          </reporter-output>
        </test-method> <!-- afterMethod -->
        <test-method signature="getListTollsCollectionPointTest()[pri:0, instance:com.izaan.apitests.GetListTollsCollectionPointTest@24b1d79b]" started-at="2023-12-06T20:17:07 CST" name="getListTollsCollectionPointTest" finished-at="2023-12-06T20:17:09 CST" duration-ms="1334" status="PASS">
          <reporter-output>
          </reporter-output>
        </test-method> <!-- getListTollsCollectionPointTest -->
        <test-method is-config="true" signature="beforeTest()[pri:0, instance:com.izaan.apitests.GetListTollsCollectionPointTest@24b1d79b]" started-at="2023-12-06T20:17:07 CST" name="beforeTest" finished-at="2023-12-06T20:17:07 CST" duration-ms="0" status="PASS">
          <reporter-output>
          </reporter-output>
        </test-method> <!-- beforeTest -->
        <test-method is-config="true" signature="afterMethod()[pri:0, instance:com.izaan.apitests.GetListTollsCollectionPointTest@24b1d79b]" started-at="2023-12-06T20:17:09 CST" name="afterMethod" finished-at="2023-12-06T20:17:09 CST" duration-ms="11" status="PASS">
          <reporter-output>
          </reporter-output>
        </test-method> <!-- afterMethod -->
      </class> <!-- com.izaan.apitests.GetListTollsCollectionPointTest -->
    </test> <!-- Ecommerce Home -->
  </suite> <!-- Automation Test -->
</testng-results>
