<?xml version="1.0" encoding="UTF-8"?>
<testsuite xmlns:xsi="http://www.w3.org/2001/XMLSchema-instance" xsi:noNamespaceSchemaLocation="https://maven.apache.org/surefire/maven-surefire-plugin/xsd/surefire-test-report.xsd" name="TestSuite" time="25.587" tests="13" errors="0" skipped="0" failures="0">
  <properties>
[...]
</properties>
  <testcase name="getListTollsCollectionPointNegativeTest" classname="com.izaan.apitests.GetListTollsCollectionPointTest" time="4.418"/>
  <testcase name="getListTollsCollectionPointTest" classname="com.izaan.apitests.GetListTollsCollectionPointTest" time="1.334"/>
  <testcase name="submitTollTest" classname="com.izaan.apitests.SubmitTollRequestTest" time="3.231"/>
  <testcase name="userListrequestTest" classname="com.izaan.apitests.UserListRequestTest" time="1.92"/>
  <testcase name="validateUserListWithInvalidURL" classname="com.izaan.apitests.UserListRequestTest" time="1.07"/>
  <testcase name="invaliduserLoginAPI" classname="com.izaan.apitests.UserLoginTest" time="2.085"/>
  <testcase name="userLoginErrorPassword" classname="com.izaan.apitests.UserLoginTest" time="1.498"/>
  <testcase name="validateUserLogin" classname="com.izaan.apitests.UserLoginTest" time="1.681"/>
  <testcase name="resetWithInvalidCredentialTest" classname="com.izaan.apitests.ResetPasswordTest" time="2.132"/>
  <testcase name="successRestTest" classname="com.izaan.apitests.ResetPasswordTest" time="1.07"/>
  <testcase name="unsuccessfulReset" classname="com.izaan.apitests.ResetPasswordTest" time="0.408"/>
  <testcase name="validateUserCreation" classname="com.izaan.apitests.CreateUserRequestTests" time="3.022"/>
  <testcase name="validateUserCreationWithExistingUsername" classname="com.izaan.apitests.CreateUserRequestTests" time="1.107"/>
</testsuite>