<?xml version="1.0" encoding="UTF-8"?>
<!-- Generated by org.testng.reporters.JUnitXMLReporter -->
<testsuite ignored="0" hostname="Marjanas-Air.lan" failures="0" tests="13" name="Ecommerce Home" time="25.412" errors="0" timestamp="2023-12-06T20:17:28 CST">
  <testcase classname="com.izaan.apitests.GetListTollsCollectionPointTest" name="getListTollsCollectionPointNegativeTest" time="4.417"/>
  <testcase classname="com.izaan.apitests.GetListTollsCollectionPointTest" name="getListTollsCollectionPointTest" time="1.334"/>
  <testcase classname="com.izaan.apitests.SubmitTollRequestTest" name="submitTollTest" time="3.23"/>
  <testcase classname="com.izaan.apitests.UserListRequestTest" name="userListrequestTest" time="1.92"/>
  <testcase classname="com.izaan.apitests.UserListRequestTest" name="validateUserListWithInvalidURL" time="1.069"/>
  <testcase classname="com.izaan.apitests.UserLoginTest" name="invaliduserLoginAPI" time="2.084"/>
  <testcase classname="com.izaan.apitests.UserLoginTest" name="userLoginErrorPassword" time="1.498"/>
  <testcase classname="com.izaan.apitests.UserLoginTest" name="validateUserLogin" time="1.681"/>
  <testcase classname="com.izaan.apitests.ResetPasswordTest" name="resetWithInvalidCredentialTest" time="2.132"/>
  <testcase classname="com.izaan.apitests.ResetPasswordTest" name="successRestTest" time="1.07"/>
  <testcase classname="com.izaan.apitests.ResetPasswordTest" name="unsuccessfulReset" time="0.407"/>
  <testcase classname="com.izaan.apitests.CreateUserRequestTests" name="validateUserCreation" time="3.023"/>
  <testcase classname="com.izaan.apitests.CreateUserRequestTests" name="validateUserCreationWithExistingUsername" time="1.107"/>
</testsuite> <!-- Ecommerce Home -->
